<?xml version="1.0" encoding="UTF-8"?>
<!-- Generated by org.testng.reporters.JUnitXMLReporter -->
<testsuite ignored="0" hostname="eHLT-LAP-0037" failures="0" tests="9" name="Default test" time="823.08" errors="0" timestamp="2021-11-18T18:20:18 IST">
  <testcase classname="Casecreation.RMS.ProviderRequestExceldata" name="login" time="34.257"/>
  <testcase classname="Casecreation.RMS.ProviderRequestExceldata" name="ProviderRequest" time="100.457"/>
  <testcase classname="Casecreation.RMS.ProviderRequestExceldata" name="ProviderRequest" time="100.113"/>
  <testcase classname="Casecreation.RMS.ProviderRequestExceldata" name="ProviderRequest" time="85.689"/>
  <testcase classname="Casecreation.RMS.ProviderRequestExceldata" name="ProviderRequest" time="106.771"/>
  <testcase classname="Casecreation.RMS.ProviderRequestExceldata" name="ProviderRequest" time="92.272"/>
  <testcase classname="Casecreation.RMS.ProviderRequestExceldata" name="ProviderRequest" time="100.865"/>
  <testcase classname="Casecreation.RMS.ProviderRequestExceldata" name="ProviderRequest" time="93.231"/>
  <testcase classname="Casecreation.RMS.ProviderRequestExceldata" name="ProviderRequest" time="103.123"/>
</testsuite> <!-- Default test -->
